2014/06/22 16:26:51 にビルドを開始しました。
     1>ノード 2 上のプロジェクト "D:\git\BrickPiNet\test\libbrickpinet\libbrickpinet.vcxproj" (Build ターゲット)。
     1>ClCompile:
         C:\Program Files (x86)\Microsoft Visual Studio 12.0\VC\bin\CL.exe /c /ZI /nologo /W3 /WX- /Od /Oy- /D WIN32 /D _DEBUG /D _LIB /D _UNICODE /D UNICODE /Gm /EHsc /RTC1 /MDd /GS /fp:precise /Zc:wchar_t /Zc:forScope /Fo"Debug\\" /Fd"Debug\vc120.pdb" /Gd /TC /analyze- /errorReport:prompt ..\..\src\brickpinet.c
         brickpinet.c
     1>d:\git\brickpinet\src\tick.h(20): error C2079: 'tick_struct' が 未定義の struct 'timespec' で使用しています。
     1>d:\git\brickpinet\src\tick.h(25): warning C4013: 関数 'clock_gettime' は定義されていません。int 型の値を返す外部関数と見なします。
     1>d:\git\brickpinet\src\tick.h(25): error C2065: 'CLOCK_REALTIME' : 定義されていない識別子です。
     1>d:\git\brickpinet\src\tick.h(26): error C2224: '.tv_sec' : 左側が構造体または共用体型ではありません。
     1>d:\git\brickpinet\src\tick.h(27): error C2224: '.tv_nsec' : 左側が構造体または共用体型ではありません。
     1>d:\git\brickpinet\src\tick.h(31): error C2065: 'CLOCK_REALTIME' : 定義されていない識別子です。
     1>d:\git\brickpinet\src\tick.h(32): error C2224: '.tv_sec' : 左側が構造体または共用体型ではありません。
     1>d:\git\brickpinet\src\tick.h(33): error C2224: '.tv_nsec' : 左側が構造体または共用体型ではありません。
     1>d:\git\brickpinet\src\tick.h(34): error C2224: '.tv_nsec' : 左側が構造体または共用体型ではありません。
     1>d:\git\brickpinet\src\tick.h(35): error C2224: '.tv_sec' : 左側が構造体または共用体型ではありません。
     1>d:\git\brickpinet\src\tick.h(35): error C2224: '.tv_nsec' : 左側が構造体または共用体型ではありません。
     1>d:\git\brickpinet\src\tick.h(35): warning C4033: 'CurrentTickMs' : 関数には戻り値が必要です。
     1>d:\git\brickpinet\src\tick.h(39): error C2065: 'CLOCK_REALTIME' : 定義されていない識別子です。
     1>d:\git\brickpinet\src\tick.h(40): error C2224: '.tv_sec' : 左側が構造体または共用体型ではありません。
     1>d:\git\brickpinet\src\tick.h(41): error C2224: '.tv_nsec' : 左側が構造体または共用体型ではありません。
     1>d:\git\brickpinet\src\tick.h(42): error C2224: '.tv_nsec' : 左側が構造体または共用体型ではありません。
     1>d:\git\brickpinet\src\tick.h(43): error C2224: '.tv_sec' : 左側が構造体または共用体型ではありません。
     1>d:\git\brickpinet\src\tick.h(43): error C2224: '.tv_nsec' : 左側が構造体または共用体型ではありません。
     1>d:\git\brickpinet\src\tick.h(43): warning C4033: 'CurrentTickUs' : 関数には戻り値が必要です。
     1>d:\git\brickpinet\src\brickpi.h(43): fatal error C1083: include ファイルを開けません。'wiringPi.h':No such file or directory
     1>プロジェクト "D:\git\BrickPiNet\test\libbrickpinet\libbrickpinet.vcxproj" (Build ターゲット) のビルドが終了しました -- 失敗。

ビルドに失敗しました。

経過時間 00:00:00.55
